Looking for git in: git
Using git 2.7.4 from git
> git rev-parse --show-toplevel
> git config --get commit.template
Open repository: /home/ilex4524/projects/sciencewrks
> git status -z -u
> git symbolic-ref --short HEAD
> git rev-parse master
> git rev-parse --symbolic-full-name --abbrev-ref master@{u}
> git rev-list --left-right master...origin/master
> git for-each-ref --format %(refname) %(objectname) --sort -committerdate
> git remote --verbose
> git show :routes/web.php
> git check-ignore -z --stdin
> git status -z -u
> git symbolic-ref --short HEAD
> git rev-parse master
> git rev-parse --symbolic-full-name --abbrev-ref master@{u}
> git rev-list --left-right master...origin/master
> git for-each-ref --format %(refname) %(objectname) --sort -committerdate
> git remote --verbose
> git status -z -u
> git symbolic-ref --short HEAD
> git rev-parse master
> git rev-parse --symbolic-full-name --abbrev-ref master@{u}
> git rev-list --left-right master...origin/master
> git for-each-ref --format %(refname) %(objectname) --sort -committerdate
> git remote --verbose
> git status -z -u
> git symbolic-ref --short HEAD
> git rev-parse master
> git rev-parse --symbolic-full-name --abbrev-ref master@{u}
> git rev-list --left-right master...origin/master
> git for-each-ref --format %(refname) %(objectname) --sort -committerdate
> git remote --verbose
> git status -z -u
> git symbolic-ref --short HEAD
> git rev-parse master
> git rev-parse --symbolic-full-name --abbrev-ref master@{u}
> git rev-list --left-right master...origin/master
> git for-each-ref --format %(refname) %(objectname) --sort -committerdate
> git remote --verbose
> git status -z -u
> git symbolic-ref --short HEAD
> git rev-parse master
> git rev-parse --symbolic-full-name --abbrev-ref master@{u}
> git rev-list --left-right master...origin/master
> git for-each-ref --format %(refname) %(objectname) --sort -committerdate
> git remote --verbose
> git status -z -u
> git symbolic-ref --short HEAD
> git rev-parse master
> git rev-parse --symbolic-full-name --abbrev-ref master@{u}
> git rev-list --left-right master...origin/master
> git for-each-ref --format %(refname) %(objectname) --sort -committerdate
> git remote --verbose
> git status -z -u
> git symbolic-ref --short HEAD
> git rev-parse master
> git rev-parse --symbolic-full-name --abbrev-ref master@{u}
> git rev-list --left-right master...origin/master
> git for-each-ref --format %(refname) %(objectname) --sort -committerdate
> git remote --verbose
> git status -z -u
> git symbolic-ref --short HEAD
> git rev-parse master
> git rev-parse --symbolic-full-name --abbrev-ref master@{u}
> git rev-list --left-right master...origin/master
> git for-each-ref --format %(refname) %(objectname) --sort -committerdate
> git remote --verbose
> git status -z -u
> git symbolic-ref --short HEAD
> git rev-parse master
> git rev-parse --symbolic-full-name --abbrev-ref master@{u}
> git rev-list --left-right master...origin/master
> git for-each-ref --format %(refname) %(objectname) --sort -committerdate
> git remote --verbose
> git status -z -u
> git symbolic-ref --short HEAD
> git rev-parse master
> git rev-parse --symbolic-full-name --abbrev-ref master@{u}
> git rev-list --left-right master...origin/master
> git for-each-ref --format %(refname) %(objectname) --sort -committerdate
> git remote --verbose
> git status -z -u
> git symbolic-ref --short HEAD
> git rev-parse master
> git rev-parse --symbolic-full-name --abbrev-ref master@{u}
> git rev-list --left-right master...origin/master
> git for-each-ref --format %(refname) %(objectname) --sort -committerdate
> git remote --verbose
> git status -z -u
> git symbolic-ref --short HEAD
> git rev-parse master
> git rev-parse --symbolic-full-name --abbrev-ref master@{u}
> git rev-list --left-right master...origin/master
> git for-each-ref --format %(refname) %(objectname) --sort -committerdate
> git remote --verbose
> git check-ignore -z --stdin
> git show :resources/views/welcome.blade.php
> git status -z -u
> git symbolic-ref --short HEAD
> git rev-parse master
> git rev-parse --symbolic-full-name --abbrev-ref master@{u}
> git rev-list --left-right master...origin/master
> git for-each-ref --format %(refname) %(objectname) --sort -committerdate
> git remote --verbose
> git status -z -u
> git symbolic-ref --short HEAD
> git rev-parse master
> git rev-parse --symbolic-full-name --abbrev-ref master@{u}
> git rev-list --left-right master...origin/master
> git for-each-ref --format %(refname) %(objectname) --sort -committerdate
> git remote --verbose
> git status -z -u
> git symbolic-ref --short HEAD
> git rev-parse master
> git rev-parse --symbolic-full-name --abbrev-ref master@{u}
> git rev-list --left-right master...origin/master
> git for-each-ref --format %(refname) %(objectname) --sort -committerdate
> git remote --verbose
> git status -z -u
> git symbolic-ref --short HEAD
> git rev-parse master
> git rev-parse --symbolic-full-name --abbrev-ref master@{u}
> git rev-list --left-right master...origin/master
> git for-each-ref --format %(refname) %(objectname) --sort -committerdate
> git remote --verbose
> git status -z -u
> git symbolic-ref --short HEAD
> git rev-parse master
> git rev-parse --symbolic-full-name --abbrev-ref master@{u}
> git rev-list --left-right master...origin/master
> git for-each-ref --format %(refname) %(objectname) --sort -committerdate
> git remote --verbose
> git status -z -u
> git symbolic-ref --short HEAD
> git rev-parse master
> git rev-parse --symbolic-full-name --abbrev-ref master@{u}
> git rev-list --left-right master...origin/master
> git for-each-ref --format %(refname) %(objectname) --sort -committerdate
> git remote --verbose
> git status -z -u
> git symbolic-ref --short HEAD
> git rev-parse master
> git rev-parse --symbolic-full-name --abbrev-ref master@{u}
> git rev-list --left-right master...origin/master
> git for-each-ref --format %(refname) %(objectname) --sort -committerdate
> git remote --verbose
> git status -z -u
> git symbolic-ref --short HEAD
> git rev-parse master
> git rev-parse --symbolic-full-name --abbrev-ref master@{u}
> git rev-list --left-right master...origin/master
> git for-each-ref --format %(refname) %(objectname) --sort -committerdate
> git remote --verbose
> git status -z -u
> git symbolic-ref --short HEAD
> git rev-parse master
> git rev-parse --symbolic-full-name --abbrev-ref master@{u}
> git rev-list --left-right master...origin/master
> git for-each-ref --format %(refname) %(objectname) --sort -committerdate
> git remote --verbose
> git status -z -u
> git symbolic-ref --short HEAD
> git rev-parse master
> git rev-parse --symbolic-full-name --abbrev-ref master@{u}
> git rev-list --left-right master...origin/master
> git for-each-ref --format %(refname) %(objectname) --sort -committerdate
> git remote --verbose
> git status -z -u
> git symbolic-ref --short HEAD
> git rev-parse master
> git rev-parse --symbolic-full-name --abbrev-ref master@{u}
> git rev-list --left-right master...origin/master
> git for-each-ref --format %(refname) %(objectname) --sort -committerdate
> git remote --verbose
> git check-ignore -z --stdin
> git check-ignore -z --stdin
> git check-ignore -z --stdin
> git check-ignore -z --stdin
> git show :public/css/app.css
> git show :public/css/style.css
> git check-ignore -z --stdin
> git show :resources/views/welcome.blade.php
> git show :public/css/app.css
> git show :resources/views/welcome.blade.php
> git show :public/css/style.css
> git show :resources/views/welcome.blade.php
> git check-ignore -z --stdin
> git show :resources/views/auth/register.blade.php
> git check-ignore -z --stdin
> git show :database/migrations/2018_04_07_173000_create_users_table.php
> git show :database/migrations/2018_04_07_172900_create_employees_table.php
> git show :database/migrations/2018_04_07_173000_create_users_table.php
> git show :resources/views/welcome.blade.php
> git show :routes/web.php
> git show :resources/views/auth/register.blade.php
> git check-ignore -z --stdin
> git show :app/Http/Controllers/Auth/RegisterController.php
> git show :resources/views/auth/register.blade.php
> git show :app/Http/Controllers/Auth/RegisterController.php
> git show :resources/views/auth/register.blade.php
> git show :routes/web.php
> git show :app/Http/Controllers/Auth/RegisterController.php
> git show :app/Http/Controllers/EmployeeController.php
> git show :app/Http/Controllers/Auth/RegisterController.php
> git show :app/Http/Middleware/RedirectIfAuthenticated.php
> git show :routes/web.php
> git show :app/Http/Controllers/Auth/RegisterController.php
> git check-ignore -z --stdin
> git check-ignore -z --stdin
> git check-ignore -z --stdin
> git check-ignore -z --stdin
> git check-ignore -z --stdin
> git check-ignore -z --stdin
> git check-ignore -z --stdin
> git check-ignore -z --stdin
> git check-ignore -z --stdin
> git check-ignore -z --stdin
> git check-ignore -z --stdin
> git check-ignore -z --stdin
> git show :app/Http/Controllers/Auth/LoginController.php
> git show :app/Http/Controllers/Auth/AdminLoginController.php
> git show :app/Http/Controllers/Auth/RegisterController.php
> git show :app/Http/Controllers/Auth/SignupController.php
> git check-ignore -z --stdin
> git show :app/Http/Controllers/AuthSignupController.php
> git show :app/Http/Controllers/Auth/RegisterController.php
> git show :app/Http/Controllers/Auth/SignupController.php
> git show :app/Http/Controllers/Auth/AdminLoginController.php
> git show :app/Http/Controllers/Auth/SignupController.php
> git show :app/Http/Controllers/Auth/LoginController.php
> git show :app/Http/Controllers/Auth/RegisterController.php
> git show :app/Http/Controllers/Auth/SignupController.php
> git show :resources/views/auth/register.blade.php
> git show :app/Http/Controllers/Auth/SignupController.php
> git show :routes/web.php
> git show :resources/views/auth/register.blade.php
> git show :routes/web.php
> git show :resources/views/welcome.blade.php
> git show :resources/views/auth/register.blade.php
> git show :routes/web.php
> git show :app/Http/Controllers/Auth/SignupController.php
> git show :routes/web.php
> git show :app/Employee.php
> git show :app/Http/Controllers/EmployeeController.php
> git show :app/Http/Controllers/Auth/SignupController.php
> git show :resources/views/home.blade.php
> git show :app/Http/Controllers/Auth/SignupController.php
> git show :routes/web.php
> git show :app/Http/Controllers/Auth/SignupController.php
> git show :app/Http/Controllers/Auth/LoginController.php
> git show :app/Http/Middleware/RedirectIfAuthenticated.php
> git show :app/Http/Controllers/Auth/SignupController.php
> git show :resources/views/auth/admin-login.blade.php
> git show :resources/views/layouts/app.blade.php
> git show :app/Http/Controllers/Auth/SignupController.php
